{"total": {"lines":{"total":409,"covered":390,"skipped":0,"pct":95.35},"statements":{"total":411,"covered":392,"skipped":0,"pct":95.37},"functions":{"total":59,"covered":59,"skipped":0,"pct":100},"branches":{"total":250,"covered":203,"skipped":0,"pct":81.2},"branchesTrue":{"total":0,"covered":0,"skipped":0,"pct":100}}
,"C:\\Users\\DivyanshHemalDoshi\\Downloads\\task5_capstone_project\\ecommerce-backend\\src\\app.ts": {"lines":{"total":26,"covered":23,"skipped":0,"pct":88.46},"functions":{"total":3,"covered":3,"skipped":0,"pct":100},"statements":{"total":26,"covered":23,"skipped":0,"pct":88.46},"branches":{"total":8,"covered":4,"skipped":0,"pct":50}}
,"C:\\Users\\DivyanshHemalDoshi\\Downloads\\task5_capstone_project\\ecommerce-backend\\src\\config\\db.ts": {"lines":{"total":6,"covered":6,"skipped":0,"pct":100},"functions":{"total":1,"covered":1,"skipped":0,"pct":100},"statements":{"total":6,"covered":6,"skipped":0,"pct":100},"branches":{"total":0,"covered":0,"skipped":0,"pct":100}}
,"C:\\Users\\DivyanshHemalDoshi\\Downloads\\task5_capstone_project\\ecommerce-backend\\src\\controllers\\admin.controller.ts": {"lines":{"total":48,"covered":46,"skipped":0,"pct":95.83},"functions":{"total":6,"covered":6,"skipped":0,"pct":100},"statements":{"total":48,"covered":46,"skipped":0,"pct":95.83},"branches":{"total":76,"covered":58,"skipped":0,"pct":76.31}}
,"C:\\Users\\DivyanshHemalDoshi\\Downloads\\task5_capstone_project\\ecommerce-backend\\src\\controllers\\blog.controller.ts": {"lines":{"total":15,"covered":14,"skipped":0,"pct":93.33},"functions":{"total":3,"covered":3,"skipped":0,"pct":100},"statements":{"total":15,"covered":14,"skipped":0,"pct":93.33},"branches":{"total":10,"covered":7,"skipped":0,"pct":70}}
,"C:\\Users\\DivyanshHemalDoshi\\Downloads\\task5_capstone_project\\ecommerce-backend\\src\\controllers\\brand.controller.ts": {"lines":{"total":17,"covered":16,"skipped":0,"pct":94.11},"functions":{"total":3,"covered":3,"skipped":0,"pct":100},"statements":{"total":17,"covered":16,"skipped":0,"pct":94.11},"branches":{"total":12,"covered":9,"skipped":0,"pct":75}}
,"C:\\Users\\DivyanshHemalDoshi\\Downloads\\task5_capstone_project\\ecommerce-backend\\src\\controllers\\category.controller.ts": {"lines":{"total":10,"covered":10,"skipped":0,"pct":100},"functions":{"total":3,"covered":3,"skipped":0,"pct":100},"statements":{"total":11,"covered":11,"skipped":0,"pct":100},"branches":{"total":8,"covered":6,"skipped":0,"pct":75}}
,"C:\\Users\\DivyanshHemalDoshi\\Downloads\\task5_capstone_project\\ecommerce-backend\\src\\controllers\\content.controller.ts": {"lines":{"total":7,"covered":7,"skipped":0,"pct":100},"functions":{"total":1,"covered":1,"skipped":0,"pct":100},"statements":{"total":7,"covered":7,"skipped":0,"pct":100},"branches":{"total":2,"covered":2,"skipped":0,"pct":100}}
,"C:\\Users\\DivyanshHemalDoshi\\Downloads\\task5_capstone_project\\ecommerce-backend\\src\\controllers\\faq.controller.ts": {"lines":{"total":17,"covered":16,"skipped":0,"pct":94.11},"functions":{"total":3,"covered":3,"skipped":0,"pct":100},"statements":{"total":17,"covered":16,"skipped":0,"pct":94.11},"branches":{"total":12,"covered":9,"skipped":0,"pct":75}}
,"C:\\Users\\DivyanshHemalDoshi\\Downloads\\task5_capstone_project\\ecommerce-backend\\src\\controllers\\product.controller.ts": {"lines":{"total":59,"covered":52,"skipped":0,"pct":88.13},"functions":{"total":8,"covered":8,"skipped":0,"pct":100},"statements":{"total":59,"covered":52,"skipped":0,"pct":88.13},"branches":{"total":24,"covered":19,"skipped":0,"pct":79.16}}
,"C:\\Users\\DivyanshHemalDoshi\\Downloads\\task5_capstone_project\\ecommerce-backend\\src\\controllers\\type.controller.ts": {"lines":{"total":17,"covered":16,"skipped":0,"pct":94.11},"functions":{"total":3,"covered":3,"skipped":0,"pct":100},"statements":{"total":17,"covered":16,"skipped":0,"pct":94.11},"branches":{"total":12,"covered":9,"skipped":0,"pct":75}}
,"C:\\Users\\DivyanshHemalDoshi\\Downloads\\task5_capstone_project\\ecommerce-backend\\src\\controllers\\user.controller.ts": {"lines":{"total":37,"covered":34,"skipped":0,"pct":91.89},"functions":{"total":5,"covered":5,"skipped":0,"pct":100},"statements":{"total":37,"covered":34,"skipped":0,"pct":91.89},"branches":{"total":17,"covered":15,"skipped":0,"pct":88.23}}
,"C:\\Users\\DivyanshHemalDoshi\\Downloads\\task5_capstone_project\\ecommerce-backend\\src\\middlewares\\auth.middleware.ts": {"lines":{"total":22,"covered":22,"skipped":0,"pct":100},"functions":{"total":4,"covered":4,"skipped":0,"pct":100},"statements":{"total":23,"covered":23,"skipped":0,"pct":100},"branches":{"total":16,"covered":15,"skipped":0,"pct":93.75}}
,"C:\\Users\\DivyanshHemalDoshi\\Downloads\\task5_capstone_project\\ecommerce-backend\\src\\models\\blog.model.ts": {"lines":{"total":2,"covered":2,"skipped":0,"pct":100},"functions":{"total":0,"covered":0,"skipped":0,"pct":100},"statements":{"total":2,"covered":2,"skipped":0,"pct":100},"branches":{"total":0,"covered":0,"skipped":0,"pct":100}}
,"C:\\Users\\DivyanshHemalDoshi\\Downloads\\task5_capstone_project\\ecommerce-backend\\src\\models\\brand.model.ts": {"lines":{"total":2,"covered":2,"skipped":0,"pct":100},"functions":{"total":0,"covered":0,"skipped":0,"pct":100},"statements":{"total":2,"covered":2,"skipped":0,"pct":100},"branches":{"total":0,"covered":0,"skipped":0,"pct":100}}
,"C:\\Users\\DivyanshHemalDoshi\\Downloads\\task5_capstone_project\\ecommerce-backend\\src\\models\\category.model.ts": {"lines":{"total":2,"covered":2,"skipped":0,"pct":100},"functions":{"total":0,"covered":0,"skipped":0,"pct":100},"statements":{"total":2,"covered":2,"skipped":0,"pct":100},"branches":{"total":0,"covered":0,"skipped":0,"pct":100}}
,"C:\\Users\\DivyanshHemalDoshi\\Downloads\\task5_capstone_project\\ecommerce-backend\\src\\models\\content.model.ts": {"lines":{"total":1,"covered":1,"skipped":0,"pct":100},"functions":{"total":0,"covered":0,"skipped":0,"pct":100},"statements":{"total":1,"covered":1,"skipped":0,"pct":100},"branches":{"total":0,"covered":0,"skipped":0,"pct":100}}
,"C:\\Users\\DivyanshHemalDoshi\\Downloads\\task5_capstone_project\\ecommerce-backend\\src\\models\\faq.model.ts": {"lines":{"total":1,"covered":1,"skipped":0,"pct":100},"functions":{"total":0,"covered":0,"skipped":0,"pct":100},"statements":{"total":1,"covered":1,"skipped":0,"pct":100},"branches":{"total":0,"covered":0,"skipped":0,"pct":100}}
,"C:\\Users\\DivyanshHemalDoshi\\Downloads\\task5_capstone_project\\ecommerce-backend\\src\\models\\product.model.ts": {"lines":{"total":1,"covered":1,"skipped":0,"pct":100},"functions":{"total":0,"covered":0,"skipped":0,"pct":100},"statements":{"total":1,"covered":1,"skipped":0,"pct":100},"branches":{"total":0,"covered":0,"skipped":0,"pct":100}}
,"C:\\Users\\DivyanshHemalDoshi\\Downloads\\task5_capstone_project\\ecommerce-backend\\src\\models\\type.model.ts": {"lines":{"total":2,"covered":2,"skipped":0,"pct":100},"functions":{"total":0,"covered":0,"skipped":0,"pct":100},"statements":{"total":2,"covered":2,"skipped":0,"pct":100},"branches":{"total":0,"covered":0,"skipped":0,"pct":100}}
,"C:\\Users\\DivyanshHemalDoshi\\Downloads\\task5_capstone_project\\ecommerce-backend\\src\\models\\user.model.ts": {"lines":{"total":3,"covered":3,"skipped":0,"pct":100},"functions":{"total":0,"covered":0,"skipped":0,"pct":100},"statements":{"total":3,"covered":3,"skipped":0,"pct":100},"branches":{"total":0,"covered":0,"skipped":0,"pct":100}}
,"C:\\Users\\DivyanshHemalDoshi\\Downloads\\task5_capstone_project\\ecommerce-backend\\src\\routes\\admin.routes.ts": {"lines":{"total":7,"covered":7,"skipped":0,"pct":100},"functions":{"total":0,"covered":0,"skipped":0,"pct":100},"statements":{"total":7,"covered":7,"skipped":0,"pct":100},"branches":{"total":0,"covered":0,"skipped":0,"pct":100}}
,"C:\\Users\\DivyanshHemalDoshi\\Downloads\\task5_capstone_project\\ecommerce-backend\\src\\routes\\blog.routes.ts": {"lines":{"total":2,"covered":2,"skipped":0,"pct":100},"functions":{"total":0,"covered":0,"skipped":0,"pct":100},"statements":{"total":2,"covered":2,"skipped":0,"pct":100},"branches":{"total":0,"covered":0,"skipped":0,"pct":100}}
,"C:\\Users\\DivyanshHemalDoshi\\Downloads\\task5_capstone_project\\ecommerce-backend\\src\\routes\\brand.routes.ts": {"lines":{"total":2,"covered":2,"skipped":0,"pct":100},"functions":{"total":0,"covered":0,"skipped":0,"pct":100},"statements":{"total":2,"covered":2,"skipped":0,"pct":100},"branches":{"total":0,"covered":0,"skipped":0,"pct":100}}
,"C:\\Users\\DivyanshHemalDoshi\\Downloads\\task5_capstone_project\\ecommerce-backend\\src\\routes\\category.routes.ts": {"lines":{"total":2,"covered":2,"skipped":0,"pct":100},"functions":{"total":0,"covered":0,"skipped":0,"pct":100},"statements":{"total":2,"covered":2,"skipped":0,"pct":100},"branches":{"total":0,"covered":0,"skipped":0,"pct":100}}
,"C:\\Users\\DivyanshHemalDoshi\\Downloads\\task5_capstone_project\\ecommerce-backend\\src\\routes\\content.routes.ts": {"lines":{"total":2,"covered":2,"skipped":0,"pct":100},"functions":{"total":0,"covered":0,"skipped":0,"pct":100},"statements":{"total":2,"covered":2,"skipped":0,"pct":100},"branches":{"total":0,"covered":0,"skipped":0,"pct":100}}
,"C:\\Users\\DivyanshHemalDoshi\\Downloads\\task5_capstone_project\\ecommerce-backend\\src\\routes\\faq.routes.ts": {"lines":{"total":2,"covered":2,"skipped":0,"pct":100},"functions":{"total":0,"covered":0,"skipped":0,"pct":100},"statements":{"total":2,"covered":2,"skipped":0,"pct":100},"branches":{"total":0,"covered":0,"skipped":0,"pct":100}}
,"C:\\Users\\DivyanshHemalDoshi\\Downloads\\task5_capstone_project\\ecommerce-backend\\src\\routes\\product.routes.ts": {"lines":{"total":7,"covered":7,"skipped":0,"pct":100},"functions":{"total":0,"covered":0,"skipped":0,"pct":100},"statements":{"total":7,"covered":7,"skipped":0,"pct":100},"branches":{"total":0,"covered":0,"skipped":0,"pct":100}}
,"C:\\Users\\DivyanshHemalDoshi\\Downloads\\task5_capstone_project\\ecommerce-backend\\src\\routes\\type.routes.ts": {"lines":{"total":2,"covered":2,"skipped":0,"pct":100},"functions":{"total":0,"covered":0,"skipped":0,"pct":100},"statements":{"total":2,"covered":2,"skipped":0,"pct":100},"branches":{"total":0,"covered":0,"skipped":0,"pct":100}}
,"C:\\Users\\DivyanshHemalDoshi\\Downloads\\task5_capstone_project\\ecommerce-backend\\src\\routes\\user.routes.ts": {"lines":{"total":5,"covered":5,"skipped":0,"pct":100},"functions":{"total":0,"covered":0,"skipped":0,"pct":100},"statements":{"total":5,"covered":5,"skipped":0,"pct":100},"branches":{"total":0,"covered":0,"skipped":0,"pct":100}}
,"C:\\Users\\DivyanshHemalDoshi\\Downloads\\task5_capstone_project\\ecommerce-backend\\src\\services\\blog.service.ts": {"lines":{"total":6,"covered":6,"skipped":0,"pct":100},"functions":{"total":1,"covered":1,"skipped":0,"pct":100},"statements":{"total":6,"covered":6,"skipped":0,"pct":100},"branches":{"total":10,"covered":10,"skipped":0,"pct":100}}
,"C:\\Users\\DivyanshHemalDoshi\\Downloads\\task5_capstone_project\\ecommerce-backend\\src\\services\\brand.service.ts": {"lines":{"total":5,"covered":5,"skipped":0,"pct":100},"functions":{"total":1,"covered":1,"skipped":0,"pct":100},"statements":{"total":5,"covered":5,"skipped":0,"pct":100},"branches":{"total":2,"covered":2,"skipped":0,"pct":100}}
,"C:\\Users\\DivyanshHemalDoshi\\Downloads\\task5_capstone_project\\ecommerce-backend\\src\\services\\category.service.ts": {"lines":{"total":4,"covered":4,"skipped":0,"pct":100},"functions":{"total":1,"covered":1,"skipped":0,"pct":100},"statements":{"total":4,"covered":4,"skipped":0,"pct":100},"branches":{"total":3,"covered":3,"skipped":0,"pct":100}}
,"C:\\Users\\DivyanshHemalDoshi\\Downloads\\task5_capstone_project\\ecommerce-backend\\src\\services\\content.service.ts": {"lines":{"total":3,"covered":3,"skipped":0,"pct":100},"functions":{"total":1,"covered":1,"skipped":0,"pct":100},"statements":{"total":3,"covered":3,"skipped":0,"pct":100},"branches":{"total":2,"covered":2,"skipped":0,"pct":100}}
,"C:\\Users\\DivyanshHemalDoshi\\Downloads\\task5_capstone_project\\ecommerce-backend\\src\\services\\faq.service.ts": {"lines":{"total":4,"covered":4,"skipped":0,"pct":100},"functions":{"total":1,"covered":1,"skipped":0,"pct":100},"statements":{"total":4,"covered":4,"skipped":0,"pct":100},"branches":{"total":2,"covered":2,"skipped":0,"pct":100}}
,"C:\\Users\\DivyanshHemalDoshi\\Downloads\\task5_capstone_project\\ecommerce-backend\\src\\services\\product.service.ts": {"lines":{"total":27,"covered":27,"skipped":0,"pct":100},"functions":{"total":6,"covered":6,"skipped":0,"pct":100},"statements":{"total":27,"covered":27,"skipped":0,"pct":100},"branches":{"total":15,"covered":15,"skipped":0,"pct":100}}
,"C:\\Users\\DivyanshHemalDoshi\\Downloads\\task5_capstone_project\\ecommerce-backend\\src\\services\\type.service.ts": {"lines":{"total":5,"covered":5,"skipped":0,"pct":100},"functions":{"total":1,"covered":1,"skipped":0,"pct":100},"statements":{"total":5,"covered":5,"skipped":0,"pct":100},"branches":{"total":2,"covered":2,"skipped":0,"pct":100}}
,"C:\\Users\\DivyanshHemalDoshi\\Downloads\\task5_capstone_project\\ecommerce-backend\\src\\services\\user.service.ts": {"lines":{"total":29,"covered":29,"skipped":0,"pct":100},"functions":{"total":4,"covered":4,"skipped":0,"pct":100},"statements":{"total":29,"covered":29,"skipped":0,"pct":100},"branches":{"total":17,"covered":14,"skipped":0,"pct":82.35}}
}
